[14/May/2016 13:47:02] DEBUG [pinutcloud.views:118] Inside uploadjsonfiles
[14/May/2016 13:48:02] DEBUG [pinutcloud.views:118] Inside uploadjsonfiles
[14/May/2016 13:49:02] DEBUG [pinutcloud.views:118] Inside uploadjsonfiles
[14/May/2016 13:50:02] DEBUG [pinutcloud.views:118] Inside uploadjsonfiles
[14/May/2016 14:03:02] DEBUG [pinutcloud.views:118] Inside uploadjsonfiles
[14/May/2016 14:03:03] DEBUG [pinutcloud.views:118] Inside uploadjsonfiles
[14/May/2016 14:03:03] DEBUG [pinutcloud.views:118] Inside uploadjsonfiles
[14/May/2016 14:03:03] DEBUG [pinutcloud.views:118] Inside uploadjsonfiles
[14/May/2016 14:03:03] DEBUG [pinutcloud.views:118] Inside uploadjsonfiles
[14/May/2016 14:03:03] DEBUG [pinutcloud.views:118] Inside uploadjsonfiles
[14/May/2016 14:03:04] DEBUG [pinutcloud.views:118] Inside uploadjsonfiles
[14/May/2016 14:03:04] DEBUG [pinutcloud.views:118] Inside uploadjsonfiles
[14/May/2016 14:03:04] DEBUG [pinutcloud.views:118] Inside uploadjsonfiles
[14/May/2016 14:03:04] DEBUG [pinutcloud.views:118] Inside uploadjsonfiles
[14/May/2016 14:03:05] DEBUG [pinutcloud.views:118] Inside uploadjsonfiles
[14/May/2016 14:03:05] DEBUG [pinutcloud.views:118] Inside uploadjsonfiles
[14/May/2016 14:03:05] DEBUG [pinutcloud.views:118] Inside uploadjsonfiles
[14/May/2016 14:03:11] WARNING [django.request:182] Not Found: /manager/html
[14/May/2016 14:03:11] DEBUG [django.template:927] Exception while resolving variable 'name' in template 'unknown'.
Traceback (most recent call last):
  File "/home/ec2-user/Virtual_Env/pinut_env/local/lib/python2.7/site-packages/django/template/base.py", line 905, in _resolve_lookup
    (bit, current))  # missing attribute
VariableDoesNotExist: Failed lookup for key [name] in u"<RegexURLResolver <module 'pinutcloud.urls' from '/home/ec2-user/Virtual_Env/DjangoCloudCode/DjangoCloudCode/pinutcloud/urls.pyc'> (None:pinutcloud) ^pinutcloud/>"
[14/May/2016 14:03:11] DEBUG [django.template:927] Exception while resolving variable 'name' in template 'unknown'.
Traceback (most recent call last):
  File "/home/ec2-user/Virtual_Env/pinut_env/local/lib/python2.7/site-packages/django/template/base.py", line 905, in _resolve_lookup
    (bit, current))  # missing attribute
VariableDoesNotExist: Failed lookup for key [name] in u'<RegexURLResolver <RegexURLPattern list> (admin:admin) ^admin/>'
[14/May/2016 14:04:02] DEBUG [pinutcloud.views:118] Inside uploadjsonfiles
[14/May/2016 14:05:02] DEBUG [pinutcloud.views:118] Inside uploadjsonfiles
[14/May/2016 14:06:02] DEBUG [pinutcloud.views:118] Inside uploadjsonfiles
[14/May/2016 14:07:01] DEBUG [pinutcloud.views:118] Inside uploadjsonfiles
[14/May/2016 14:08:02] DEBUG [pinutcloud.views:118] Inside uploadjsonfiles
[14/May/2016 14:09:02] DEBUG [pinutcloud.views:118] Inside uploadjsonfiles
[14/May/2016 14:10:02] DEBUG [pinutcloud.views:118] Inside uploadjsonfiles
[14/May/2016 14:11:02] DEBUG [pinutcloud.views:118] Inside uploadjsonfiles
[14/May/2016 14:12:02] DEBUG [pinutcloud.views:118] Inside uploadjsonfiles
[14/May/2016 14:13:02] DEBUG [pinutcloud.views:118] Inside uploadjsonfiles
[14/May/2016 14:14:02] DEBUG [pinutcloud.views:118] Inside uploadjsonfiles
[14/May/2016 14:15:02] DEBUG [pinutcloud.views:118] Inside uploadjsonfiles
[14/May/2016 14:16:02] DEBUG [pinutcloud.views:118] Inside uploadjsonfiles
[14/May/2016 14:17:02] DEBUG [pinutcloud.views:118] Inside uploadjsonfiles
[14/May/2016 14:18:02] DEBUG [pinutcloud.views:118] Inside uploadjsonfiles
[14/May/2016 14:19:02] DEBUG [pinutcloud.views:118] Inside uploadjsonfiles
[14/May/2016 14:20:02] DEBUG [pinutcloud.views:118] Inside uploadjsonfiles
[14/May/2016 14:21:02] DEBUG [pinutcloud.views:118] Inside uploadjsonfiles
[14/May/2016 14:22:01] DEBUG [pinutcloud.views:118] Inside uploadjsonfiles
[14/May/2016 14:23:02] DEBUG [pinutcloud.views:118] Inside uploadjsonfiles
[14/May/2016 14:24:02] DEBUG [pinutcloud.views:118] Inside uploadjsonfiles
[14/May/2016 14:25:02] DEBUG [pinutcloud.views:118] Inside uploadjsonfiles
[14/May/2016 14:26:02] DEBUG [pinutcloud.views:118] Inside uploadjsonfiles
[14/May/2016 14:27:02] DEBUG [pinutcloud.views:118] Inside uploadjsonfiles
[14/May/2016 14:28:02] DEBUG [pinutcloud.views:118] Inside uploadjsonfiles
[14/May/2016 14:29:02] DEBUG [pinutcloud.views:118] Inside uploadjsonfiles
[14/May/2016 14:30:02] DEBUG [pinutcloud.views:118] Inside uploadjsonfiles
[14/May/2016 14:31:02] DEBUG [pinutcloud.views:118] Inside uploadjsonfiles
[14/May/2016 14:32:02] DEBUG [pinutcloud.views:118] Inside uploadjsonfiles
[14/May/2016 14:33:02] DEBUG [pinutcloud.views:118] Inside uploadjsonfiles
[14/May/2016 14:34:02] DEBUG [pinutcloud.views:118] Inside uploadjsonfiles
[14/May/2016 14:35:02] DEBUG [pinutcloud.views:118] Inside uploadjsonfiles
[14/May/2016 14:36:02] DEBUG [pinutcloud.views:118] Inside uploadjsonfiles
[14/May/2016 14:37:02] DEBUG [pinutcloud.views:118] Inside uploadjsonfiles
[14/May/2016 14:38:02] DEBUG [pinutcloud.views:118] Inside uploadjsonfiles
[14/May/2016 14:39:02] DEBUG [pinutcloud.views:118] Inside uploadjsonfiles
[14/May/2016 14:40:02] DEBUG [pinutcloud.views:118] Inside uploadjsonfiles
[14/May/2016 14:41:02] DEBUG [pinutcloud.views:118] Inside uploadjsonfiles
[14/May/2016 14:42:02] DEBUG [pinutcloud.views:118] Inside uploadjsonfiles
[14/May/2016 14:43:02] DEBUG [pinutcloud.views:118] Inside uploadjsonfiles
[14/May/2016 14:44:02] DEBUG [pinutcloud.views:118] Inside uploadjsonfiles
[14/May/2016 14:45:02] DEBUG [pinutcloud.views:118] Inside uploadjsonfiles
[14/May/2016 14:46:02] DEBUG [pinutcloud.views:118] Inside uploadjsonfiles
[14/May/2016 14:47:02] DEBUG [pinutcloud.views:118] Inside uploadjsonfiles
[14/May/2016 14:48:02] DEBUG [pinutcloud.views:118] Inside uploadjsonfiles
[14/May/2016 14:49:02] DEBUG [pinutcloud.views:118] Inside uploadjsonfiles
[14/May/2016 14:50:02] DEBUG [pinutcloud.views:118] Inside uploadjsonfiles
[14/May/2016 14:51:02] DEBUG [pinutcloud.views:118] Inside uploadjsonfiles
[14/May/2016 14:52:01] DEBUG [pinutcloud.views:118] Inside uploadjsonfiles
[14/May/2016 14:53:02] DEBUG [pinutcloud.views:118] Inside uploadjsonfiles
[14/May/2016 14:54:02] DEBUG [pinutcloud.views:118] Inside uploadjsonfiles
[14/May/2016 14:55:01] DEBUG [pinutcloud.views:118] Inside uploadjsonfiles
[14/May/2016 14:56:02] DEBUG [pinutcloud.views:118] Inside uploadjsonfiles
[14/May/2016 14:57:02] DEBUG [pinutcloud.views:118] Inside uploadjsonfiles
[14/May/2016 14:58:02] DEBUG [pinutcloud.views:118] Inside uploadjsonfiles
[14/May/2016 14:59:02] DEBUG [pinutcloud.views:118] Inside uploadjsonfiles
[14/May/2016 15:00:02] DEBUG [pinutcloud.views:118] Inside uploadjsonfiles
[14/May/2016 15:01:02] DEBUG [pinutcloud.views:118] Inside uploadjsonfiles
[14/May/2016 15:02:02] DEBUG [pinutcloud.views:118] Inside uploadjsonfiles
[14/May/2016 15:03:02] DEBUG [pinutcloud.views:118] Inside uploadjsonfiles
[14/May/2016 15:04:01] DEBUG [pinutcloud.views:118] Inside uploadjsonfiles
[14/May/2016 15:05:02] DEBUG [pinutcloud.views:118] Inside uploadjsonfiles
[14/May/2016 15:06:02] DEBUG [pinutcloud.views:118] Inside uploadjsonfiles
[14/May/2016 15:07:01] DEBUG [pinutcloud.views:118] Inside uploadjsonfiles
[14/May/2016 15:08:02] DEBUG [pinutcloud.views:118] Inside uploadjsonfiles
[14/May/2016 15:09:02] DEBUG [pinutcloud.views:118] Inside uploadjsonfiles
[14/May/2016 15:10:02] DEBUG [pinutcloud.views:118] Inside uploadjsonfiles
[14/May/2016 15:59:48] WARNING [django.request:182] Not Found: /script
[14/May/2016 15:59:48] DEBUG [django.template:927] Exception while resolving variable 'name' in template 'unknown'.
Traceback (most recent call last):
  File "/home/ec2-user/Virtual_Env/pinut_env/local/lib/python2.7/site-packages/django/template/base.py", line 905, in _resolve_lookup
    (bit, current))  # missing attribute
VariableDoesNotExist: Failed lookup for key [name] in u"<RegexURLResolver <module 'pinutcloud.urls' from '/home/ec2-user/Virtual_Env/DjangoCloudCode/DjangoCloudCode/pinutcloud/urls.pyc'> (None:pinutcloud) ^pinutcloud/>"
[14/May/2016 15:59:48] DEBUG [django.template:927] Exception while resolving variable 'name' in template 'unknown'.
Traceback (most recent call last):
  File "/home/ec2-user/Virtual_Env/pinut_env/local/lib/python2.7/site-packages/django/template/base.py", line 905, in _resolve_lookup
    (bit, current))  # missing attribute
VariableDoesNotExist: Failed lookup for key [name] in u'<RegexURLResolver <RegexURLPattern list> (admin:admin) ^admin/>'
[14/May/2016 16:10:26] WARNING [django.request:182] Not Found: /manager/html
[14/May/2016 16:10:26] DEBUG [django.template:927] Exception while resolving variable 'name' in template 'unknown'.
Traceback (most recent call last):
  File "/home/ec2-user/Virtual_Env/pinut_env/local/lib/python2.7/site-packages/django/template/base.py", line 905, in _resolve_lookup
    (bit, current))  # missing attribute
VariableDoesNotExist: Failed lookup for key [name] in u"<RegexURLResolver <module 'pinutcloud.urls' from '/home/ec2-user/Virtual_Env/DjangoCloudCode/DjangoCloudCode/pinutcloud/urls.pyc'> (None:pinutcloud) ^pinutcloud/>"
[14/May/2016 16:10:26] DEBUG [django.template:927] Exception while resolving variable 'name' in template 'unknown'.
Traceback (most recent call last):
  File "/home/ec2-user/Virtual_Env/pinut_env/local/lib/python2.7/site-packages/django/template/base.py", line 905, in _resolve_lookup
    (bit, current))  # missing attribute
VariableDoesNotExist: Failed lookup for key [name] in u'<RegexURLResolver <RegexURLPattern list> (admin:admin) ^admin/>'
[14/May/2016 16:27:05] WARNING [django.request:182] Not Found: /manager/html
[14/May/2016 16:27:05] DEBUG [django.template:927] Exception while resolving variable 'name' in template 'unknown'.
Traceback (most recent call last):
  File "/home/ec2-user/Virtual_Env/pinut_env/local/lib/python2.7/site-packages/django/template/base.py", line 905, in _resolve_lookup
    (bit, current))  # missing attribute
VariableDoesNotExist: Failed lookup for key [name] in u"<RegexURLResolver <module 'pinutcloud.urls' from '/home/ec2-user/Virtual_Env/DjangoCloudCode/DjangoCloudCode/pinutcloud/urls.pyc'> (None:pinutcloud) ^pinutcloud/>"
[14/May/2016 16:27:05] DEBUG [django.template:927] Exception while resolving variable 'name' in template 'unknown'.
Traceback (most recent call last):
  File "/home/ec2-user/Virtual_Env/pinut_env/local/lib/python2.7/site-packages/django/template/base.py", line 905, in _resolve_lookup
    (bit, current))  # missing attribute
VariableDoesNotExist: Failed lookup for key [name] in u'<RegexURLResolver <RegexURLPattern list> (admin:admin) ^admin/>'
[14/May/2016 17:42:10] WARNING [django.request:182] Not Found: /manager/html
[14/May/2016 17:42:10] DEBUG [django.template:927] Exception while resolving variable 'name' in template 'unknown'.
Traceback (most recent call last):
  File "/home/ec2-user/Virtual_Env/pinut_env/local/lib/python2.7/site-packages/django/template/base.py", line 905, in _resolve_lookup
    (bit, current))  # missing attribute
VariableDoesNotExist: Failed lookup for key [name] in u"<RegexURLResolver <module 'pinutcloud.urls' from '/home/ec2-user/Virtual_Env/DjangoCloudCode/DjangoCloudCode/pinutcloud/urls.pyc'> (None:pinutcloud) ^pinutcloud/>"
[14/May/2016 17:42:10] DEBUG [django.template:927] Exception while resolving variable 'name' in template 'unknown'.
Traceback (most recent call last):
  File "/home/ec2-user/Virtual_Env/pinut_env/local/lib/python2.7/site-packages/django/template/base.py", line 905, in _resolve_lookup
    (bit, current))  # missing attribute
VariableDoesNotExist: Failed lookup for key [name] in u'<RegexURLResolver <RegexURLPattern list> (admin:admin) ^admin/>'
[14/May/2016 19:51:29] WARNING [django.request:182] Not Found: /
[14/May/2016 19:51:29] DEBUG [django.template:927] Exception while resolving variable 'name' in template 'unknown'.
Traceback (most recent call last):
  File "/home/ec2-user/Virtual_Env/pinut_env/local/lib/python2.7/site-packages/django/template/base.py", line 905, in _resolve_lookup
    (bit, current))  # missing attribute
VariableDoesNotExist: Failed lookup for key [name] in u"<RegexURLResolver <module 'pinutcloud.urls' from '/home/ec2-user/Virtual_Env/DjangoCloudCode/DjangoCloudCode/pinutcloud/urls.pyc'> (None:pinutcloud) ^pinutcloud/>"
[14/May/2016 19:51:29] DEBUG [django.template:927] Exception while resolving variable 'name' in template 'unknown'.
Traceback (most recent call last):
  File "/home/ec2-user/Virtual_Env/pinut_env/local/lib/python2.7/site-packages/django/template/base.py", line 905, in _resolve_lookup
    (bit, current))  # missing attribute
VariableDoesNotExist: Failed lookup for key [name] in u'<RegexURLResolver <RegexURLPattern list> (admin:admin) ^admin/>'
[14/May/2016 20:22:09] WARNING [django.request:182] Not Found: /computer/
[14/May/2016 20:22:09] DEBUG [django.template:927] Exception while resolving variable 'name' in template 'unknown'.
Traceback (most recent call last):
  File "/home/ec2-user/Virtual_Env/pinut_env/local/lib/python2.7/site-packages/django/template/base.py", line 905, in _resolve_lookup
    (bit, current))  # missing attribute
VariableDoesNotExist: Failed lookup for key [name] in u"<RegexURLResolver <module 'pinutcloud.urls' from '/home/ec2-user/Virtual_Env/DjangoCloudCode/DjangoCloudCode/pinutcloud/urls.pyc'> (None:pinutcloud) ^pinutcloud/>"
[14/May/2016 20:22:09] DEBUG [django.template:927] Exception while resolving variable 'name' in template 'unknown'.
Traceback (most recent call last):
  File "/home/ec2-user/Virtual_Env/pinut_env/local/lib/python2.7/site-packages/django/template/base.py", line 905, in _resolve_lookup
    (bit, current))  # missing attribute
VariableDoesNotExist: Failed lookup for key [name] in u'<RegexURLResolver <RegexURLPattern list> (admin:admin) ^admin/>'
[14/May/2016 21:59:23] WARNING [django.request:182] Not Found: /
[14/May/2016 21:59:23] DEBUG [django.template:927] Exception while resolving variable 'name' in template 'unknown'.
Traceback (most recent call last):
  File "/home/ec2-user/Virtual_Env/pinut_env/local/lib/python2.7/site-packages/django/template/base.py", line 905, in _resolve_lookup
    (bit, current))  # missing attribute
VariableDoesNotExist: Failed lookup for key [name] in u"<RegexURLResolver <module 'pinutcloud.urls' from '/home/ec2-user/Virtual_Env/DjangoCloudCode/DjangoCloudCode/pinutcloud/urls.pyc'> (None:pinutcloud) ^pinutcloud/>"
[14/May/2016 21:59:23] DEBUG [django.template:927] Exception while resolving variable 'name' in template 'unknown'.
Traceback (most recent call last):
  File "/home/ec2-user/Virtual_Env/pinut_env/local/lib/python2.7/site-packages/django/template/base.py", line 905, in _resolve_lookup
    (bit, current))  # missing attribute
VariableDoesNotExist: Failed lookup for key [name] in u'<RegexURLResolver <RegexURLPattern list> (admin:admin) ^admin/>'
[14/May/2016 21:59:24] WARNING [django.request:182] Not Found: /HNAP1/
[14/May/2016 21:59:24] DEBUG [django.template:927] Exception while resolving variable 'name' in template 'unknown'.
Traceback (most recent call last):
  File "/home/ec2-user/Virtual_Env/pinut_env/local/lib/python2.7/site-packages/django/template/base.py", line 905, in _resolve_lookup
    (bit, current))  # missing attribute
VariableDoesNotExist: Failed lookup for key [name] in u"<RegexURLResolver <module 'pinutcloud.urls' from '/home/ec2-user/Virtual_Env/DjangoCloudCode/DjangoCloudCode/pinutcloud/urls.pyc'> (None:pinutcloud) ^pinutcloud/>"
[14/May/2016 21:59:24] DEBUG [django.template:927] Exception while resolving variable 'name' in template 'unknown'.
Traceback (most recent call last):
  File "/home/ec2-user/Virtual_Env/pinut_env/local/lib/python2.7/site-packages/django/template/base.py", line 905, in _resolve_lookup
    (bit, current))  # missing attribute
VariableDoesNotExist: Failed lookup for key [name] in u'<RegexURLResolver <RegexURLPattern list> (admin:admin) ^admin/>'
[14/May/2016 22:35:39] WARNING [django.request:182] Not Found: /check_content
[14/May/2016 22:35:39] DEBUG [django.template:927] Exception while resolving variable 'name' in template 'unknown'.
Traceback (most recent call last):
  File "/home/ec2-user/Virtual_Env/pinut_env/local/lib/python2.7/site-packages/django/template/base.py", line 905, in _resolve_lookup
    (bit, current))  # missing attribute
VariableDoesNotExist: Failed lookup for key [name] in u"<RegexURLResolver <module 'pinutcloud.urls' from '/home/ec2-user/Virtual_Env/DjangoCloudCode/DjangoCloudCode/pinutcloud/urls.pyc'> (None:pinutcloud) ^pinutcloud/>"
[14/May/2016 22:35:39] DEBUG [django.template:927] Exception while resolving variable 'name' in template 'unknown'.
Traceback (most recent call last):
  File "/home/ec2-user/Virtual_Env/pinut_env/local/lib/python2.7/site-packages/django/template/base.py", line 905, in _resolve_lookup
    (bit, current))  # missing attribute
VariableDoesNotExist: Failed lookup for key [name] in u'<RegexURLResolver <RegexURLPattern list> (admin:admin) ^admin/>'
[15/May/2016 02:50:53] WARNING [django.request:182] Not Found: /
[15/May/2016 02:50:53] DEBUG [django.template:927] Exception while resolving variable 'name' in template 'unknown'.
Traceback (most recent call last):
  File "/home/ec2-user/Virtual_Env/pinut_env/local/lib/python2.7/site-packages/django/template/base.py", line 905, in _resolve_lookup
    (bit, current))  # missing attribute
VariableDoesNotExist: Failed lookup for key [name] in u"<RegexURLResolver <module 'pinutcloud.urls' from '/home/ec2-user/Virtual_Env/DjangoCloudCode/DjangoCloudCode/pinutcloud/urls.pyc'> (None:pinutcloud) ^pinutcloud/>"
[15/May/2016 02:50:53] DEBUG [django.template:927] Exception while resolving variable 'name' in template 'unknown'.
Traceback (most recent call last):
  File "/home/ec2-user/Virtual_Env/pinut_env/local/lib/python2.7/site-packages/django/template/base.py", line 905, in _resolve_lookup
    (bit, current))  # missing attribute
VariableDoesNotExist: Failed lookup for key [name] in u'<RegexURLResolver <RegexURLPattern list> (admin:admin) ^admin/>'
[15/May/2016 05:35:05] WARNING [django.request:182] Not Found: /manager/html
[15/May/2016 05:35:05] DEBUG [django.template:927] Exception while resolving variable 'name' in template 'unknown'.
Traceback (most recent call last):
  File "/home/ec2-user/Virtual_Env/pinut_env/local/lib/python2.7/site-packages/django/template/base.py", line 905, in _resolve_lookup
    (bit, current))  # missing attribute
VariableDoesNotExist: Failed lookup for key [name] in u"<RegexURLResolver <module 'pinutcloud.urls' from '/home/ec2-user/Virtual_Env/DjangoCloudCode/DjangoCloudCode/pinutcloud/urls.pyc'> (None:pinutcloud) ^pinutcloud/>"
[15/May/2016 05:35:05] DEBUG [django.template:927] Exception while resolving variable 'name' in template 'unknown'.
Traceback (most recent call last):
  File "/home/ec2-user/Virtual_Env/pinut_env/local/lib/python2.7/site-packages/django/template/base.py", line 905, in _resolve_lookup
    (bit, current))  # missing attribute
VariableDoesNotExist: Failed lookup for key [name] in u'<RegexURLResolver <RegexURLPattern list> (admin:admin) ^admin/>'
[15/May/2016 07:03:16] WARNING [django.request:182] Not Found: /
[15/May/2016 07:03:16] DEBUG [django.template:927] Exception while resolving variable 'name' in template 'unknown'.
Traceback (most recent call last):
  File "/home/ec2-user/Virtual_Env/pinut_env/local/lib/python2.7/site-packages/django/template/base.py", line 905, in _resolve_lookup
    (bit, current))  # missing attribute
VariableDoesNotExist: Failed lookup for key [name] in u"<RegexURLResolver <module 'pinutcloud.urls' from '/home/ec2-user/Virtual_Env/DjangoCloudCode/DjangoCloudCode/pinutcloud/urls.pyc'> (None:pinutcloud) ^pinutcloud/>"
[15/May/2016 07:03:16] DEBUG [django.template:927] Exception while resolving variable 'name' in template 'unknown'.
Traceback (most recent call last):
  File "/home/ec2-user/Virtual_Env/pinut_env/local/lib/python2.7/site-packages/django/template/base.py", line 905, in _resolve_lookup
    (bit, current))  # missing attribute
VariableDoesNotExist: Failed lookup for key [name] in u'<RegexURLResolver <RegexURLPattern list> (admin:admin) ^admin/>'
[15/May/2016 08:01:23] DEBUG [pinutcloud.views:118] Inside uploadjsonfiles
[15/May/2016 08:02:02] DEBUG [pinutcloud.views:118] Inside uploadjsonfiles
[15/May/2016 08:03:02] DEBUG [pinutcloud.views:118] Inside uploadjsonfiles
[15/May/2016 08:04:02] DEBUG [pinutcloud.views:118] Inside uploadjsonfiles
[15/May/2016 08:05:02] DEBUG [pinutcloud.views:118] Inside uploadjsonfiles
[15/May/2016 08:06:02] DEBUG [pinutcloud.views:118] Inside uploadjsonfiles
[15/May/2016 08:07:02] DEBUG [pinutcloud.views:118] Inside uploadjsonfiles
[15/May/2016 08:08:02] DEBUG [pinutcloud.views:118] Inside uploadjsonfiles
[15/May/2016 08:09:02] DEBUG [pinutcloud.views:118] Inside uploadjsonfiles
[15/May/2016 08:10:02] DEBUG [pinutcloud.views:118] Inside uploadjsonfiles
[15/May/2016 08:11:02] DEBUG [pinutcloud.views:118] Inside uploadjsonfiles
[15/May/2016 08:12:01] DEBUG [pinutcloud.views:118] Inside uploadjsonfiles
[15/May/2016 08:13:01] DEBUG [pinutcloud.views:118] Inside uploadjsonfiles
[15/May/2016 08:14:01] DEBUG [pinutcloud.views:118] Inside uploadjsonfiles
[15/May/2016 08:15:01] DEBUG [pinutcloud.views:118] Inside uploadjsonfiles
[15/May/2016 08:16:01] DEBUG [pinutcloud.views:118] Inside uploadjsonfiles
[15/May/2016 08:30:05] DEBUG [pinutcloud.views:118] Inside uploadjsonfiles
[15/May/2016 08:30:06] DEBUG [pinutcloud.views:118] Inside uploadjsonfiles
[15/May/2016 08:30:06] DEBUG [pinutcloud.views:118] Inside uploadjsonfiles
[15/May/2016 08:30:06] DEBUG [pinutcloud.views:118] Inside uploadjsonfiles
[15/May/2016 08:30:06] DEBUG [pinutcloud.views:118] Inside uploadjsonfiles
[15/May/2016 08:30:06] DEBUG [pinutcloud.views:118] Inside uploadjsonfiles
[15/May/2016 08:30:06] DEBUG [pinutcloud.views:118] Inside uploadjsonfiles
[15/May/2016 08:30:07] DEBUG [pinutcloud.views:118] Inside uploadjsonfiles
[15/May/2016 08:30:07] DEBUG [pinutcloud.views:118] Inside uploadjsonfiles
[15/May/2016 08:30:07] DEBUG [pinutcloud.views:118] Inside uploadjsonfiles
[15/May/2016 08:30:07] DEBUG [pinutcloud.views:118] Inside uploadjsonfiles
[15/May/2016 08:30:07] DEBUG [pinutcloud.views:118] Inside uploadjsonfiles
[15/May/2016 08:30:08] DEBUG [pinutcloud.views:118] Inside uploadjsonfiles
[15/May/2016 08:30:08] DEBUG [pinutcloud.views:118] Inside uploadjsonfiles
[15/May/2016 08:30:08] DEBUG [pinutcloud.views:118] Inside uploadjsonfiles
[15/May/2016 08:30:08] DEBUG [pinutcloud.views:118] Inside uploadjsonfiles
[15/May/2016 08:31:02] DEBUG [pinutcloud.views:118] Inside uploadjsonfiles
[15/May/2016 08:32:02] DEBUG [pinutcloud.views:118] Inside uploadjsonfiles
[15/May/2016 08:33:02] DEBUG [pinutcloud.views:118] Inside uploadjsonfiles
[15/May/2016 08:34:01] DEBUG [pinutcloud.views:118] Inside uploadjsonfiles
[15/May/2016 08:35:02] DEBUG [pinutcloud.views:118] Inside uploadjsonfiles
[15/May/2016 08:36:02] DEBUG [pinutcloud.views:118] Inside uploadjsonfiles
[15/May/2016 08:37:02] DEBUG [pinutcloud.views:118] Inside uploadjsonfiles
[15/May/2016 08:38:02] DEBUG [pinutcloud.views:118] Inside uploadjsonfiles
[15/May/2016 08:39:02] DEBUG [pinutcloud.views:118] Inside uploadjsonfiles
[15/May/2016 08:40:02] DEBUG [pinutcloud.views:118] Inside uploadjsonfiles
[15/May/2016 08:41:02] DEBUG [pinutcloud.views:118] Inside uploadjsonfiles
[15/May/2016 08:42:02] DEBUG [pinutcloud.views:118] Inside uploadjsonfiles
[15/May/2016 08:44:43] DEBUG [pinutcloud.views:118] Inside uploadjsonfiles
[15/May/2016 08:44:44] DEBUG [pinutcloud.views:118] Inside uploadjsonfiles
[15/May/2016 08:45:03] DEBUG [pinutcloud.views:118] Inside uploadjsonfiles
[15/May/2016 08:46:03] DEBUG [pinutcloud.views:118] Inside uploadjsonfiles
[15/May/2016 08:47:03] DEBUG [pinutcloud.views:118] Inside uploadjsonfiles
[15/May/2016 08:48:02] DEBUG [pinutcloud.views:118] Inside uploadjsonfiles
[15/May/2016 08:49:01] DEBUG [pinutcloud.views:118] Inside uploadjsonfiles
[15/May/2016 08:52:47] DEBUG [pinutcloud.views:118] Inside uploadjsonfiles
[15/May/2016 08:52:47] DEBUG [pinutcloud.views:118] Inside uploadjsonfiles
[15/May/2016 08:52:47] DEBUG [pinutcloud.views:118] Inside uploadjsonfiles
[15/May/2016 08:52:48] DEBUG [pinutcloud.views:118] Inside uploadjsonfiles
[15/May/2016 08:53:02] DEBUG [pinutcloud.views:118] Inside uploadjsonfiles
[15/May/2016 08:54:02] DEBUG [pinutcloud.views:118] Inside uploadjsonfiles
[15/May/2016 08:55:02] DEBUG [pinutcloud.views:118] Inside uploadjsonfiles
[15/May/2016 08:56:06] DEBUG [pinutcloud.views:118] Inside uploadjsonfiles
[15/May/2016 08:57:03] DEBUG [pinutcloud.views:118] Inside uploadjsonfiles
[15/May/2016 08:58:04] DEBUG [pinutcloud.views:118] Inside uploadjsonfiles
[15/May/2016 08:59:01] DEBUG [pinutcloud.views:118] Inside uploadjsonfiles
[15/May/2016 09:00:02] DEBUG [pinutcloud.views:118] Inside uploadjsonfiles
[15/May/2016 09:01:02] DEBUG [pinutcloud.views:118] Inside uploadjsonfiles
[15/May/2016 09:02:03] DEBUG [pinutcloud.views:118] Inside uploadjsonfiles
[15/May/2016 09:03:02] DEBUG [pinutcloud.views:118] Inside uploadjsonfiles
